momschoice/app/build/outputs/mapping/release/mapping.txt
# compiler: R8
# compiler_version: 1.5.64
# min_api: 19
# pg_map_id: a8a6619
com.idevel.momschoice.BuildConfig -> com.idevel.momschoice.BuildConfig:
    1:1:void <init>():6:6 -> <init>
com.idevel.momschoice.Manifest -> com.idevel.momschoice.Manifest:
    1:1:void <init>():10:10 -> <init>
com.idevel.momschoice.Manifest$permission -> com.idevel.momschoice.Manifest$permission:
    1:1:void <init>():11:11 -> <init>
com.idevel.momschoice.MyApplication -> com.idevel.momschoice.MyApplication:
    1:1:void <clinit>():27:27 -> <clinit>
    2:2:void <clinit>():17:17 -> <clinit>
    1:1:void <init>():12:12 -> <init>
    2:2:void <init>():32:32 -> <init>
    1:1:com.idevel.momschoice.MyApplication access$getInstance$cp():12:12 -> access$getInstance$cp
    1:1:java.lang.String[] access$getPERMISSIONS$cp():12:12 -> access$getPERMISSIONS$cp
    1:1:void access$setInstance$cp(com.idevel.momschoice.MyApplication):12:12 -> access$setInstance$cp
    1:1:void access$setPERMISSIONS$cp(java.lang.String[]):12:12 -> access$setPERMISSIONS$cp
    1:1:boolean getInappTest():34:34 -> getInappTest
    1:1:boolean isChating():33:33 -> isChating
    1:1:boolean isGoogleMarket():32:32 -> isGoogleMarket
    1:1:void makeNotiChannel():47:47 -> makeNotiChannel
    2:2:void makeNotiChannel():50:50 -> makeNotiChannel
    3:3:void makeNotiChannel():53:53 -> makeNotiChannel
    4:4:void makeNotiChannel():58:58 -> makeNotiChannel
    5:5:void makeNotiChannel():62:62 -> makeNotiChannel
    6:6:void makeNotiChannel():64:64 -> makeNotiChannel
    7:7:void makeNotiChannel():47:47 -> makeNotiChannel
    1:2:void onCreate():37:38 -> onCreate
    3:4:void onCreate():40:41 -> onCreate
    1:1:void setChating(boolean):33:33 -> setChating
    1:1:void setGoogleMarket(boolean):32:32 -> setGoogleMarket
com.idevel.momschoice.MyApplication$Companion -> com.idevel.momschoice.MyApplication$Companion:
    1:1:void <init>():13:13 -> <init>
    2:2:void <init>(kotlin.jvm.internal.DefaultConstructorMarker):13:13 -> <init>
    1:1:com.idevel.momschoice.MyApplication getInstance():14:14 -> getInstance
    1:1:java.lang.String[] getPERMISSIONS():17:17 -> getPERMISSIONS
    1:1:void setInstance(com.idevel.momschoice.MyApplication):14:14 -> setInstance
    1:1:void setPERMISSIONS(java.lang.String[]):17:17 -> setPERMISSIONS
com.idevel.momschoice.R -> com.idevel.momschoice.R:
    1:1:void <init>():10:10 -> <init>
com.idevel.momschoice.R$anim -> com.idevel.momschoice.R$anim:
    1:1:void <init>():11:11 -> <init>
com.idevel.momschoice.R$attr -> com.idevel.momschoice.R$attr:
    1:1:void <init>():28:28 -> <init>
com.idevel.momschoice.R$bool -> com.idevel.momschoice.R$bool:
    1:1:void <init>():3441:3441 -> <init>
com.idevel.momschoice.R$color -> com.idevel.momschoice.R$color:
    1:1:void <init>():3446:3446 -> <init>
com.idevel.momschoice.R$dimen -> com.idevel.momschoice.R$dimen:
    1:1:void <init>():3549:3549 -> <init>
com.idevel.momschoice.R$drawable -> com.idevel.momschoice.R$drawable:
    1:1:void <init>():6526:6526 -> <init>
com.idevel.momschoice.R$id -> com.idevel.momschoice.R$id:
    1:1:void <init>():6685:6685 -> <init>
com.idevel.momschoice.R$integer -> com.idevel.momschoice.R$integer:
    1:1:void <init>():6907:6907 -> <init>
com.idevel.momschoice.R$layout -> com.idevel.momschoice.R$layout:
    1:1:void <init>():6915:6915 -> <init>
com.idevel.momschoice.R$mipmap -> com.idevel.momschoice.R$mipmap:
    1:1:void <init>():6975:6975 -> <init>
com.idevel.momschoice.R$string -> com.idevel.momschoice.R$string:
    1:1:void <init>():6978:6978 -> <init>
com.idevel.momschoice.R$style -> com.idevel.momschoice.R$style:
    1:1:void <init>():7088:7088 -> <init>
...
androidx.fragment.app.FragmentTransitionCompat21$4 -> c.h.a.p$d:
    android.graphics.Rect val$epicenter -> a
    1:1:void <init>(androidx.fragment.app.FragmentTransitionCompat21,android.graphics.Rect):305:305 -> <init>
    1:1:android.graphics.Rect onGetEpicenter(android.transition.Transition):308:308 -> onGetEpicenter
    2:2:android.graphics.Rect onGetEpicenter(android.transition.Transition):311:311 -> onGetEpicenter
androidx.fragment.app.FragmentTransitionImpl -> c.h.a.q:
    1:1:void <init>():38:38 -> <init>
    void addTarget(java.lang.Object,android.view.View) -> a
    void addTargets(java.lang.Object,java.util.ArrayList) -> a
    void beginDelayedTransition(android.view.ViewGroup,java.lang.Object) -> a
    boolean canHandle(java.lang.Object) -> a
    java.lang.Object mergeTransitionsInSequence(java.lang.Object,java.lang.Object,java.lang.Object) -> a
    void replaceTargets(java.lang.Object,java.util.ArrayList,java.util.ArrayList) -> a
    void scheduleHideFragmentView(java.lang.Object,android.view.View,java.util.ArrayList) -> a
    void scheduleRemoveTargets(java.lang.Object,java.lang.Object,java.util.ArrayList,java.lang.Object,java.util.ArrayList,java.lang.Object,java.util.ArrayList) -> a
    void setEpicenter(java.lang.Object,android.graphics.Rect) -> a
    1:2:void getBoundsOnScreen(android.view.View,android.graphics.Rect):76:77 -> a
    3:4:java.util.ArrayList prepareSetNameOverridesReordered(java.util.ArrayList):130:131 -> a
    5:7:java.util.ArrayList prepareSetNameOverridesReordered(java.util.ArrayList):133:135 -> a
    8:9:void setNameOverridesReordered(android.view.View,java.util.ArrayList,java.util.ArrayList,java.util.ArrayList,java.util.Map):149:150 -> a
    10:12:void setNameOverridesReordered(android.view.View,java.util.ArrayList,java.util.ArrayList,java.util.ArrayList,java.util.Map):153:155 -> a
androidx.fragment.app.FragmentTransitionImpl$1 -> c.h.a.q$a:
    java.util.ArrayList val$outNames -> f
    java.util.ArrayList val$sharedElementsOut -> e
    java.util.ArrayList val$inNames -> d
    int val$numSharedElements -> b
    java.util.ArrayList val$sharedElementsIn -> c
    1:1:void <init>(androidx.fragment.app.FragmentTransitionImpl,int,java.util.ArrayList,java.util.ArrayList,java.util.ArrayList,java.util.ArrayList):169:169 -> <init>
    1:3:void run():172:174 -> run
androidx.fragment.app.FragmentTransitionImpl$2 -> c.h.a.q$b:
    java.util.Map val$nameOverrides -> c
    java.util.ArrayList val$sharedElementsIn -> b
    1:1:void <init>(androidx.fragment.app.FragmentTransitionImpl,java.util.ArrayList,java.util.Map):233:233 -> <init>
    1:1:void run():236:236 -> run
    2:3:void run():238:239 -> run
    4:5:void run():241:242 -> run
androidx.fragment.app.FragmentTransitionImpl$3 -> c.h.a.q$c:
    java.util.Map val$nameOverrides -> c
    java.util.ArrayList val$sharedElementsIn -> b
    1:1:void <init>(androidx.fragment.app.FragmentTransitionImpl,java.util.ArrayList,java.util.Map):292:292 -> <init>
    1:1:void run():295:295 -> run
    2:5:void run():297:300 -> run
androidx.fragment.app.OneShotPreDrawListener -> c.h.a.r:
    java.lang.Runnable mRunnable -> d
    android.view.ViewTreeObserver mViewTreeObserver -> c
    android.view.View mView -> b
    1:4:void <init>(android.view.View,java.lang.Runnable):41:44 -> <init>
    1:3:androidx.fragment.app.OneShotPreDrawListener add(android.view.View,java.lang.Runnable):55:57 -> a
    4:5:void removeListener():73:74 -> a
    6:6:void removeListener():76:76 -> a
    7:7:void removeListener():78:78 -> a
    1:2:boolean onPreDraw():63:64 -> onPreDraw
    1:1:void onViewAttachedToWindow(android.view.View):83:83 -> onViewAttachedToWindow
    1:1:void onViewDetachedFromWindow(android.view.View):88:88 -> onViewDetachedFromWindow
androidx.fragment.app.SuperNotCalledException -> c.h.a.s:
    1:1:void <init>(java.lang.String):23:23 -> <init>